[01-Nov-2020 21:28:10 UTC] PHP Warning:  file_get_contents(above//40.085094399999996/-75.2812032/0/90/52): failed to open stream: No such file or directory in D:\home\logikbox.com\wwwroot\ng-satellite\api\above.php on line 18
[01-Nov-2020 21:30:30 UTC] PHP Parse error:  syntax error, unexpected 'PHP_API' (T_STRING), expecting :: (T_PAAMAYIM_NEKUDOTAYIM) in D:\home\logikbox.com\wwwroot\ng-satellite\api\above.php on line 7
[01-Nov-2020 21:31:47 UTC] PHP Warning:  file_get_contents(above//40.085094399999996/-75.2812032/0/90/52): failed to open stream: No such file or directory in D:\home\logikbox.com\wwwroot\ng-satellite\api\above.php on line 19
[01-Nov-2020 21:32:50 UTC] PHP Warning:  file_get_contents(above//40.085094399999996/-75.2812032/0/90/52): failed to open stream: No such file or directory in D:\home\logikbox.com\wwwroot\ng-satellite\api\above.php on line 19
[01-Nov-2020 21:33:04 UTC] PHP Warning:  file_get_contents(above//40.085094399999996/-75.2812032/0/90/52): failed to open stream: No such file or directory in D:\home\logikbox.com\wwwroot\ng-satellite\api\above.php on line 19
[01-Nov-2020 21:33:24 UTC] PHP Notice:  Constant ENDPOINT already defined in D:\home\logikbox.com\wwwroot\ng-satellite\api\above.php on line 6
[01-Nov-2020 21:33:25 UTC] PHP Warning:  file_get_contents(above//40.085094399999996/-75.2812032/0/90/52): failed to open stream: No such file or directory in D:\home\logikbox.com\wwwroot\ng-satellite\api\above.php on line 19
[01-Nov-2020 21:34:52 UTC] PHP Notice:  Constant ENDPOINT already defined in D:\home\logikbox.com\wwwroot\ng-satellite\api\above.php on line 6
[01-Nov-2020 21:34:52 UTC] PHP Warning:  file_get_contents(above//40.085094399999996/-75.2812032/0/90/52): failed to open stream: No such file or directory in D:\home\logikbox.com\wwwroot\ng-satellite\api\above.php on line 19
[01-Nov-2020 21:35:07 UTC] PHP Notice:  Constant ENDPOINT already defined in D:\home\logikbox.com\wwwroot\ng-satellite\api\above.php on line 6
[01-Nov-2020 21:35:08 UTC] PHP Warning:  file_get_contents(above//40.085094399999996/-75.2812032/0/90/52): failed to open stream: No such file or directory in D:\home\logikbox.com\wwwroot\ng-satellite\api\above.php on line 19
[01-Nov-2020 21:35:18 UTC] PHP Warning:  file_get_contents(above//40.085094399999996/-75.2812032/0/90/52): failed to open stream: No such file or directory in D:\home\logikbox.com\wwwroot\ng-satellite\api\above.php on line 19
[01-Nov-2020 21:37:05 UTC] PHP Warning:  file_get_contents(above//40.085094399999996/-75.2812032/0/90/52): failed to open stream: No such file or directory in D:\home\logikbox.com\wwwroot\ng-satellite\api\above.php on line 19
[01-Nov-2020 21:37:16 UTC] PHP Warning:  file_get_contents(): Unable to find the wrapper &quot;https&quot; - did you forget to enable it when you configured PHP? in D:\home\logikbox.com\wwwroot\ng-satellite\api\above.php on line 19
[01-Nov-2020 21:37:16 UTC] PHP Warning:  file_get_contents(): Unable to find the wrapper &quot;https&quot; - did you forget to enable it when you configured PHP? in D:\home\logikbox.com\wwwroot\ng-satellite\api\above.php on line 19
[01-Nov-2020 21:37:16 UTC] PHP Warning:  file_get_contents(https://api.n2yo.com/rest/v1/satellite/above//40.085094399999996/-75.2812032/0/90/52?apiKey=6MVMLK-EJ3FXU-BTVB3F-3TNQ): failed to open stream: No error in D:\home\logikbox.com\wwwroot\ng-satellite\api\above.php on line 19
[01-Nov-2020 21:39:02 UTC] PHP Warning:  file_get_contents(): Unable to find the wrapper &quot;https&quot; - did you forget to enable it when you configured PHP? in D:\home\logikbox.com\wwwroot\ng-satellite\api\above.php on line 19
[01-Nov-2020 21:39:02 UTC] PHP Warning:  file_get_contents(): Unable to find the wrapper &quot;https&quot; - did you forget to enable it when you configured PHP? in D:\home\logikbox.com\wwwroot\ng-satellite\api\above.php on line 19
[01-Nov-2020 21:39:02 UTC] PHP Warning:  file_get_contents(https://api.n2yo.com/rest/v1/satellite/above/40.085094399999996/-75.2812032/0/90/52?apiKey=6MVMLK-EJ3FXU-BTVB3F-3TNQ): failed to open stream: No error in D:\home\logikbox.com\wwwroot\ng-satellite\api\above.php on line 19
[01-Nov-2020 21:42:56 UTC] PHP Warning:  file_get_contents(): Unable to find the wrapper &quot;https&quot; - did you forget to enable it when you configured PHP? in D:\home\logikbox.com\wwwroot\ng-satellite\api\above.php on line 19
[01-Nov-2020 21:42:56 UTC] PHP Warning:  file_get_contents(): Unable to find the wrapper &quot;https&quot; - did you forget to enable it when you configured PHP? in D:\home\logikbox.com\wwwroot\ng-satellite\api\above.php on line 19
[01-Nov-2020 21:42:56 UTC] PHP Warning:  file_get_contents(https://api.n2yo.com/rest/v1/satellite/above/40.085094399999996/-75.2812032/0/90/52?apiKey=6MVMLK-EJ3FXU-BTVB3F-3TNQ): failed to open stream: No error in D:\home\logikbox.com\wwwroot\ng-satellite\api\above.php on line 19
[01-Nov-2020 21:54:59 UTC] PHP Warning:  file_get_contents(): Unable to find the wrapper &quot;https&quot; - did you forget to enable it when you configured PHP? in D:\home\logikbox.com\wwwroot\ng-satellite\api\above.php on line 19
[01-Nov-2020 21:54:59 UTC] PHP Warning:  file_get_contents(): Unable to find the wrapper &quot;https&quot; - did you forget to enable it when you configured PHP? in D:\home\logikbox.com\wwwroot\ng-satellite\api\above.php on line 19
[01-Nov-2020 21:54:59 UTC] PHP Warning:  file_get_contents(https://api.n2yo.com/rest/v1/satellite/above/40.085094399999996/-75.2812032/0/90/52?apiKey=6MVMLK-EJ3FXU-BTVB3F-3TNQ): failed to open stream: No error in D:\home\logikbox.com\wwwroot\ng-satellite\api\above.php on line 19
[01-Nov-2020 21:55:05 UTC] PHP Warning:  file_get_contents(): Unable to find the wrapper &quot;https&quot; - did you forget to enable it when you configured PHP? in D:\home\logikbox.com\wwwroot\ng-satellite\api\above.php on line 19
[01-Nov-2020 21:55:05 UTC] PHP Warning:  file_get_contents(): Unable to find the wrapper &quot;https&quot; - did you forget to enable it when you configured PHP? in D:\home\logikbox.com\wwwroot\ng-satellite\api\above.php on line 19
[01-Nov-2020 21:55:05 UTC] PHP Warning:  file_get_contents(https://api.n2yo.com/rest/v1/satellite/above/40.085094399999996/-75.2812032/0/90/52?apiKey=6MVMLK-EJ3FXU-BTVB3F-3TNQ): failed to open stream: No error in D:\home\logikbox.com\wwwroot\ng-satellite\api\above.php on line 19
[01-Nov-2020 21:55:16 UTC] PHP Warning:  file_get_contents(): Unable to find the wrapper &quot;https&quot; - did you forget to enable it when you configured PHP? in D:\home\logikbox.com\wwwroot\ng-satellite\api\above.php on line 19
[01-Nov-2020 21:55:16 UTC] PHP Warning:  file_get_contents(): Unable to find the wrapper &quot;https&quot; - did you forget to enable it when you configured PHP? in D:\home\logikbox.com\wwwroot\ng-satellite\api\above.php on line 19
[01-Nov-2020 21:55:16 UTC] PHP Warning:  file_get_contents(https://api.n2yo.com/rest/v1/satellite/above/40.085094399999996/-75.2812032/0/90/52?apiKey=6MVMLK-EJ3FXU-BTVB3F-3TNQ): failed to open stream: No error in D:\home\logikbox.com\wwwroot\ng-satellite\api\above.php on line 19
[01-Nov-2020 21:59:41 UTC] PHP Warning:  file_get_contents(): Unable to find the wrapper &quot;https&quot; - did you forget to enable it when you configured PHP? in D:\home\logikbox.com\wwwroot\ng-satellite\api\above.php on line 19
[01-Nov-2020 21:59:41 UTC] PHP Warning:  file_get_contents(): Unable to find the wrapper &quot;https&quot; - did you forget to enable it when you configured PHP? in D:\home\logikbox.com\wwwroot\ng-satellite\api\above.php on line 19
[01-Nov-2020 21:59:41 UTC] PHP Warning:  file_get_contents(https://api.n2yo.com/rest/v1/satellite/above/40.085094399999996/-75.2812032/0/90/52?apiKey=6MVMLK-EJ3FXU-BTVB3F-3TNQ): failed to open stream: No error in D:\home\logikbox.com\wwwroot\ng-satellite\api\above.php on line 19
[01-Nov-2020 22:00:02 UTC] PHP Warning:  file_get_contents(): Unable to find the wrapper &quot;https&quot; - did you forget to enable it when you configured PHP? in D:\home\logikbox.com\wwwroot\ng-satellite\api\above.php on line 19
[01-Nov-2020 22:00:02 UTC] PHP Warning:  file_get_contents(): Unable to find the wrapper &quot;https&quot; - did you forget to enable it when you configured PHP? in D:\home\logikbox.com\wwwroot\ng-satellite\api\above.php on line 19
[01-Nov-2020 22:00:02 UTC] PHP Warning:  file_get_contents(https://api.n2yo.com/rest/v1/satellite/above/40.085094399999996/-75.2812032/0/90/52?apiKey=6MVMLK-EJ3FXU-BTVB3F-3TNQ): failed to open stream: No error in D:\home\logikbox.com\wwwroot\ng-satellite\api\above.php on line 19
